Removed Pin From Net: NetName=QB Pin=*1-1
Removed Pin From Net: NetName=QC Pin=*1-2
Removed Pin From Net: NetName=QD Pin=*1-3
Removed Pin From Net: NetName=QE Pin=*1-4
Removed Pin From Net: NetName=QF Pin=*1-5
Removed Pin From Net: NetName=QG Pin=*1-6
Removed Pin From Net: NetName=RL Pin=*1-7
Removed Pin From Net: NetName=GND Pin=*1-8
Removed Pin From Net: NetName=Net*1_10 Pin=*1-10
Removed Pin From Net: NetName=PD Pin=*1-11
Removed Pin From Net: NetName=ST Pin=*1-12
Removed Pin From Net: NetName=GND Pin=*1-13
Removed Pin From Net: NetName=DS Pin=*1-14
Removed Pin From Net: NetName=Net*1_10 Pin=*1-16
Removed Member From Class: ClassName=Sheet1 Member=*1
Added Component: Designator=U3(SOIC16)
Added Pin To Net: NetName=QB Pin=U3-1
Added Pin To Net: NetName=QC Pin=U3-2
Added Pin To Net: NetName=QD Pin=U3-3
Added Pin To Net: NetName=QE Pin=U3-4
Added Pin To Net: NetName=QF Pin=U3-5
Added Pin To Net: NetName=QG Pin=U3-6
Added Pin To Net: NetName=RL Pin=U3-7
Added Pin To Net: NetName=GND Pin=U3-8
Added Pin To Net: NetName=Net*1_10 Pin=U3-10
Added Pin To Net: NetName=PD Pin=U3-11
Added Pin To Net: NetName=ST Pin=U3-12
Added Pin To Net: NetName=GND Pin=U3-13
Added Pin To Net: NetName=DS Pin=U3-14
Added Pin To Net: NetName=Net*1_10 Pin=U3-16
Change Net Name : Old Net Name=Net*1_10 New Net Name=NetC8_2
Added Member To Class: ClassName=Sheet1 Member=Component U3 SN74HC595DT
