Change Component Designator: OldDesignator=C5 NewDesignator=C7
Change Component Designator: OldDesignator=C6 NewDesignator=C5
Change Component Designator: OldDesignator=C7 NewDesignator=C6
Change Component Designator: OldDesignator=R2 NewDesignator=R6
Change Component Designator: OldDesignator=R3 NewDesignator=R2
Change Component Designator: OldDesignator=R4 NewDesignator=R3
Change Component Designator: OldDesignator=R5 NewDesignator=R4
Change Component Designator: OldDesignator=R6 NewDesignator=R5
Added Component: Designator=CN1(KK6)
Added Pin To Net: NetName=NetR2_1 Pin=CN1-1
Added Pin To Net: NetName=VCC Pin=CN1-2
Added Pin To Net: NetName=GND Pin=CN1-3
Added Pin To Net: NetName=OW Pin=CN1-5
Change Net Name : Old Net Name=NetC5_2 New Net Name=NetC7_2
Change Net Name : Old Net Name=NetC6_2 New Net Name=NetC5_2
Change Net Name : Old Net Name=NetR2_1 New Net Name=M
Change Net Name : Old Net Name=NetR4_3 New Net Name=NetR3_3
Added Pin To Net: NetName=PD Pin=CN1-4
Added Pin To Net: NetName=PD Pin=R3-2
Added Pin To Net: NetName=PD Pin=U2-6
Added Net: Name=PD
Added Member To Class: ClassName=Sheet1 Member=Component CN1 KK 6vias
