Change Component Footprint: Designator=D6 Old Footprint=LED 0805_2012 BLUE New Footprint=LED 0805_2012 RED
Change Component Footprint: Designator=D7 Old Footprint=LED 0805_2012 BLUE New Footprint=LED 0805_2012 RED
Change Component Footprint: Designator=D1 Old Footprint=LED 0805_2012 RED New Footprint=LED 0805_2012 BLUE
Change Component Footprint: Designator=D2 Old Footprint=LED 0805_2012 RED New Footprint=LED 0805_2012 BLUE
Change Component Comment : Designator=D6 Old Comment=Blue New Comment=Red
Change Component Comment : Designator=D7 Old Comment=Blue New Comment=Red
Change Component Comment : Designator=D1 Old Comment=Red New Comment=Blue
Change Component Comment : Designator=D2 Old Comment=Red New Comment=Blue
Change component parameters: Designator = "D1" ("D1"); Footprint = "LED 0805_2012 RED"; UniqueID = "\FMKMGIFG" ("\FMKMGIFG")
Change component parameters (AddParameter): Name = "Color"; Value = "Blue"; VariantName = "[No Variations]"
Change component parameters (AddParameter): Name = "ComponentLink1Description"; Value = "Datasheet"; VariantName = "[No Variations]"
Change component parameters (AddParameter): Name = "ComponentLink1URL"; Value = "https://media.digikey.com/pdf/Data%20Sheets/Harvatek%20PDFs/B1701NB--20D000114U1930.pdf"; VariantName = "[No Variations]"
Change component parameters (AddParameter): Name = "ComponentLink2Description"; Value = "DigiKey Link"; VariantName = "[No Variations]"
Change component parameters (AddParameter): Name = "ComponentLink2URL"; Value = "https://www.digikey.com/en/products/detail/harvatek-corporation/B1701NB-20D000114U1930/16671748"; VariantName = "[No Variations]"
Change component parameters (AddParameter): Name = "Current - Test"; Value = "20mA"; VariantName = "[No Variations]"
Change component parameters (AddParameter): Name = "Device Package"; Value = "0805 (2012 Metric)"; VariantName = "[No Variations]"
Change component parameters (AddParameter): Name = "Height (Max)"; Value = "0.90mm"; VariantName = "[No Variations]"
Change component parameters (AddParameter): Name = "LastUpdated"; Value = "19/09/2022 13:49:33"; VariantName = "[No Variations]"
Change component parameters (AddParameter): Name = "Lens Size"; Value = "1.40mm x 1.30mm"; VariantName = "[No Variations]"
Change component parameters (AddParameter): Name = "Lens Style"; Value = "Rectangle with Flat Top"; VariantName = "[No Variations]"
Change component parameters (AddParameter): Name = "Lens Transparency"; Value = "Diffused"; VariantName = "[No Variations]"
Change component parameters (AddParameter): Name = "Lifecycle Status"; Value = "Active"; VariantName = "[No Variations]"
Change component parameters (AddParameter): Name = "Manufacturer"; Value = "Harvatek Corporation"; VariantName = "[No Variations]"
Change component parameters (AddParameter): Name = "Millicandela Rating"; Value = "71.5mcd"; VariantName = "[No Variations]"
Change component parameters (AddParameter): Name = "Minimum Order"; Value = "1"; VariantName = "[No Variations]"
Change component parameters (AddParameter): Name = "Mounting Type"; Value = "Surface Mount"; VariantName = "[No Variations]"
Change component parameters (AddParameter): Name = "Package / Case"; Value = "0805 (2012 Metric)"; VariantName = "[No Variations]"
Change component parameters (AddParameter): Name = "Packaging"; Value = "TapeAndReel"; VariantName = "[No Variations]"
Change component parameters (AddParameter): Name = "Part Number"; Value = "B1701NB--20D000114U1930"; VariantName = "[No Variations]"
Change component parameters (AddParameter): Name = "Part Status"; Value = "Active"; VariantName = "[No Variations]"
Change component parameters (AddParameter): Name = "PartId"; Value = "1161"; VariantName = "[No Variations]"
Change component parameters (AddParameter): Name = "Price"; Value = "0.09"; VariantName = "[No Variations]"
Change component parameters (AddParameter): Name = "Series"; Value = "B1701NB"; VariantName = "[No Variations]"
Change component parameters (AddParameter): Name = "Size / Dimension"; Value = "2.00mm L x 1.30mm W"; VariantName = "[No Variations]"
Change component parameters (AddParameter): Name = "Supplier 1"; Value = "DigiKey"; VariantName = "[No Variations]"
Change component parameters (AddParameter): Name = "Supplier Device Package"; Value = "0805"; VariantName = "[No Variations]"
Change component parameters (AddParameter): Name = "Supplier Part Number 1"; Value = "3147-B1701NB--20D000114U1930CT-ND"; VariantName = "[No Variations]"
Change component parameters (AddParameter): Name = "Value"; Value = "Blue"; VariantName = "[No Variations]"
Change component parameters (AddParameter): Name = "Viewing Angle"; Value = "130°"; VariantName = "[No Variations]"
Change component parameters (AddParameter): Name = "Voltage - Forward (Vf) (Typ)"; Value = "3.3V"; VariantName = "[No Variations]"
Change component parameters (AddParameter): Name = "Wavelength - Dominant"; Value = "470nm"; VariantName = "[No Variations]"
Change component parameters (AddParameter): Name = "Wavelength - Peak"; Value = "468nm"; VariantName = "[No Variations]"
Change component parameters: Designator = "D2" ("D2"); Footprint = "LED 0805_2012 RED"; UniqueID = "\WUBITSWU" ("\WUBITSWU")
Change component parameters (AddParameter): Name = "Color"; Value = "Blue"; VariantName = "[No Variations]"
Change component parameters (AddParameter): Name = "ComponentLink1Description"; Value = "Datasheet"; VariantName = "[No Variations]"
Change component parameters (AddParameter): Name = "ComponentLink1URL"; Value = "https://media.digikey.com/pdf/Data%20Sheets/Harvatek%20PDFs/B1701NB--20D000114U1930.pdf"; VariantName = "[No Variations]"
Change component parameters (AddParameter): Name = "ComponentLink2Description"; Value = "DigiKey Link"; VariantName = "[No Variations]"
Change component parameters (AddParameter): Name = "ComponentLink2URL"; Value = "https://www.digikey.com/en/products/detail/harvatek-corporation/B1701NB-20D000114U1930/16671748"; VariantName = "[No Variations]"
Change component parameters (AddParameter): Name = "Current - Test"; Value = "20mA"; VariantName = "[No Variations]"
Change component parameters (AddParameter): Name = "Device Package"; Value = "0805 (2012 Metric)"; VariantName = "[No Variations]"
Change component parameters (AddParameter): Name = "Height (Max)"; Value = "0.90mm"; VariantName = "[No Variations]"
Change component parameters (AddParameter): Name = "LastUpdated"; Value = "19/09/2022 13:49:33"; VariantName = "[No Variations]"
Change component parameters (AddParameter): Name = "Lens Size"; Value = "1.40mm x 1.30mm"; VariantName = "[No Variations]"
Change component parameters (AddParameter): Name = "Lens Style"; Value = "Rectangle with Flat Top"; VariantName = "[No Variations]"
Change component parameters (AddParameter): Name = "Lens Transparency"; Value = "Diffused"; VariantName = "[No Variations]"
Change component parameters (AddParameter): Name = "Lifecycle Status"; Value = "Active"; VariantName = "[No Variations]"
Change component parameters (AddParameter): Name = "Manufacturer"; Value = "Harvatek Corporation"; VariantName = "[No Variations]"
Change component parameters (AddParameter): Name = "Millicandela Rating"; Value = "71.5mcd"; VariantName = "[No Variations]"
Change component parameters (AddParameter): Name = "Minimum Order"; Value = "1"; VariantName = "[No Variations]"
Change component parameters (AddParameter): Name = "Mounting Type"; Value = "Surface Mount"; VariantName = "[No Variations]"
Change component parameters (AddParameter): Name = "Package / Case"; Value = "0805 (2012 Metric)"; VariantName = "[No Variations]"
Change component parameters (AddParameter): Name = "Packaging"; Value = "TapeAndReel"; VariantName = "[No Variations]"
Change component parameters (AddParameter): Name = "Part Number"; Value = "B1701NB--20D000114U1930"; VariantName = "[No Variations]"
Change component parameters (AddParameter): Name = "Part Status"; Value = "Active"; VariantName = "[No Variations]"
Change component parameters (AddParameter): Name = "PartId"; Value = "1161"; VariantName = "[No Variations]"
Change component parameters (AddParameter): Name = "Price"; Value = "0.09"; VariantName = "[No Variations]"
Change component parameters (AddParameter): Name = "Series"; Value = "B1701NB"; VariantName = "[No Variations]"
Change component parameters (AddParameter): Name = "Size / Dimension"; Value = "2.00mm L x 1.30mm W"; VariantName = "[No Variations]"
Change component parameters (AddParameter): Name = "Supplier 1"; Value = "DigiKey"; VariantName = "[No Variations]"
Change component parameters (AddParameter): Name = "Supplier Device Package"; Value = "0805"; VariantName = "[No Variations]"
Change component parameters (AddParameter): Name = "Supplier Part Number 1"; Value = "3147-B1701NB--20D000114U1930CT-ND"; VariantName = "[No Variations]"
Change component parameters (AddParameter): Name = "Value"; Value = "Blue"; VariantName = "[No Variations]"
Change component parameters (AddParameter): Name = "Viewing Angle"; Value = "130°"; VariantName = "[No Variations]"
Change component parameters (AddParameter): Name = "Voltage - Forward (Vf) (Typ)"; Value = "3.3V"; VariantName = "[No Variations]"
Change component parameters (AddParameter): Name = "Wavelength - Dominant"; Value = "470nm"; VariantName = "[No Variations]"
Change component parameters (AddParameter): Name = "Wavelength - Peak"; Value = "468nm"; VariantName = "[No Variations]"
Change component parameters: Designator = "D6" ("D6"); Footprint = "LED 0805_2012 BLUE"; UniqueID = "\OQVKITPF" ("\OQVKITPF")
Change component parameters (AddParameter): Name = "Color"; Value = "Red"; VariantName = "[No Variations]"
Change component parameters (AddParameter): Name = "ComponentLink1Description"; Value = "Datasheet"; VariantName = "[No Variations]"
Change component parameters (AddParameter): Name = "ComponentLink1URL"; Value = "http://www.stanley-components.com/php/downloaddatafile.php?rp=0,VFHV1112H-3BZ2B-TR_e.pdf"; VariantName = "[No Variations]"
Change component parameters (AddParameter): Name = "ComponentLink2Description"; Value = "DigiKey Link"; VariantName = "[No Variations]"
Change component parameters (AddParameter): Name = "ComponentLink2URL"; Value = "http://digikey.com/product-detail/en/stanley-electric-co/VFHV1112H-3BZ2B-TR/404-1314-1-ND/9477319"; VariantName = "[No Variations]"
Change component parameters (AddParameter): Name = "Configuration"; Value = "Standard"; VariantName = "[No Variations]"
Change component parameters (AddParameter): Name = "Current - Test"; Value = "20mA"; VariantName = "[No Variations]"
Change component parameters (AddParameter): Name = "Device Package"; Value = "0805 (2012 Metric)"; VariantName = "[No Variations]"
Change component parameters (AddParameter): Name = "Height (Max)"; Value = "0.90mm"; VariantName = "[No Variations]"
Change component parameters (AddParameter): Name = "LastUpdated"; Value = "19/09/2022 13:50:32"; VariantName = "[No Variations]"
Change component parameters (AddParameter): Name = "Lens Color"; Value = "White"; VariantName = "[No Variations]"
Change component parameters (AddParameter): Name = "Lens Size"; Value = "1.30mm x 1.25mm"; VariantName = "[No Variations]"
Change component parameters (AddParameter): Name = "Lens Style"; Value = "Rectangle with Flat Top"; VariantName = "[No Variations]"
Change component parameters (AddParameter): Name = "Lifecycle Status"; Value = "Active"; VariantName = "[No Variations]"
Change component parameters (AddParameter): Name = "Manufacturer"; Value = "Stanley Electric Co"; VariantName = "[No Variations]"
Change component parameters (AddParameter): Name = "Millicandela Rating"; Value = "110mcd"; VariantName = "[No Variations]"
Change component parameters (AddParameter): Name = "Minimum Order"; Value = "1"; VariantName = "[No Variations]"
Change component parameters (AddParameter): Name = "Mounting Type"; Value = "Surface Mount"; VariantName = "[No Variations]"
Change component parameters (AddParameter): Name = "Package / Case"; Value = "0805 (2012 Metric)"; VariantName = "[No Variations]"
Change component parameters (AddParameter): Name = "Packaging"; Value = "TapeAndReel"; VariantName = "[No Variations]"
Change component parameters (AddParameter): Name = "Part Number"; Value = "VFHV1112H-3BZ2B-TR"; VariantName = "[No Variations]"
Change component parameters (AddParameter): Name = "Part Status"; Value = "Active"; VariantName = "[No Variations]"
Change component parameters (AddParameter): Name = "PartId"; Value = "359"; VariantName = "[No Variations]"
Change component parameters (AddParameter): Name = "Price"; Value = "0.08"; VariantName = "[No Variations]"
Change component parameters (AddParameter): Name = "Series"; Value = "-"; VariantName = "[No Variations]"
Change component parameters (AddParameter): Name = "Size / Dimension"; Value = "2.00mm L x 1.25mm W"; VariantName = "[No Variations]"
Change component parameters (AddParameter): Name = "Supplier 1"; Value = "DigiKey"; VariantName = "[No Variations]"
Change component parameters (AddParameter): Name = "Supplier Part Number 1"; Value = "404-1314-1-ND"; VariantName = "[No Variations]"
Change component parameters (AddParameter): Name = "Value"; Value = "Red"; VariantName = "[No Variations]"
Change component parameters (AddParameter): Name = "Viewing Angle"; Value = "140°"; VariantName = "[No Variations]"
Change component parameters (AddParameter): Name = "Voltage - Forward (Vf) (Typ)"; Value = "1.9V"; VariantName = "[No Variations]"
Change component parameters (AddParameter): Name = "Wavelength - Dominant"; Value = "615nm"; VariantName = "[No Variations]"
Change component parameters (AddParameter): Name = "Wavelength - Peak"; Value = "624nm"; VariantName = "[No Variations]"
Change component parameters: Designator = "D7" ("D7"); Footprint = "LED 0805_2012 BLUE"; UniqueID = "\YNXVGEKZ" ("\YNXVGEKZ")
Change component parameters (AddParameter): Name = "Color"; Value = "Red"; VariantName = "[No Variations]"
Change component parameters (AddParameter): Name = "ComponentLink1Description"; Value = "Datasheet"; VariantName = "[No Variations]"
Change component parameters (AddParameter): Name = "ComponentLink1URL"; Value = "http://www.stanley-components.com/php/downloaddatafile.php?rp=0,VFHV1112H-3BZ2B-TR_e.pdf"; VariantName = "[No Variations]"
Change component parameters (AddParameter): Name = "ComponentLink2Description"; Value = "DigiKey Link"; VariantName = "[No Variations]"
Change component parameters (AddParameter): Name = "ComponentLink2URL"; Value = "http://digikey.com/product-detail/en/stanley-electric-co/VFHV1112H-3BZ2B-TR/404-1314-1-ND/9477319"; VariantName = "[No Variations]"
Change component parameters (AddParameter): Name = "Configuration"; Value = "Standard"; VariantName = "[No Variations]"
Change component parameters (AddParameter): Name = "Current - Test"; Value = "20mA"; VariantName = "[No Variations]"
Change component parameters (AddParameter): Name = "Device Package"; Value = "0805 (2012 Metric)"; VariantName = "[No Variations]"
Change component parameters (AddParameter): Name = "Height (Max)"; Value = "0.90mm"; VariantName = "[No Variations]"
Change component parameters (AddParameter): Name = "LastUpdated"; Value = "19/09/2022 13:50:32"; VariantName = "[No Variations]"
Change component parameters (AddParameter): Name = "Lens Color"; Value = "White"; VariantName = "[No Variations]"
Change component parameters (AddParameter): Name = "Lens Size"; Value = "1.30mm x 1.25mm"; VariantName = "[No Variations]"
Change component parameters (AddParameter): Name = "Lens Style"; Value = "Rectangle with Flat Top"; VariantName = "[No Variations]"
Change component parameters (AddParameter): Name = "Lifecycle Status"; Value = "Active"; VariantName = "[No Variations]"
Change component parameters (AddParameter): Name = "Manufacturer"; Value = "Stanley Electric Co"; VariantName = "[No Variations]"
Change component parameters (AddParameter): Name = "Millicandela Rating"; Value = "110mcd"; VariantName = "[No Variations]"
Change component parameters (AddParameter): Name = "Minimum Order"; Value = "1"; VariantName = "[No Variations]"
Change component parameters (AddParameter): Name = "Mounting Type"; Value = "Surface Mount"; VariantName = "[No Variations]"
Change component parameters (AddParameter): Name = "Package / Case"; Value = "0805 (2012 Metric)"; VariantName = "[No Variations]"
Change component parameters (AddParameter): Name = "Packaging"; Value = "TapeAndReel"; VariantName = "[No Variations]"
Change component parameters (AddParameter): Name = "Part Number"; Value = "VFHV1112H-3BZ2B-TR"; VariantName = "[No Variations]"
Change component parameters (AddParameter): Name = "Part Status"; Value = "Active"; VariantName = "[No Variations]"
Change component parameters (AddParameter): Name = "PartId"; Value = "359"; VariantName = "[No Variations]"
Change component parameters (AddParameter): Name = "Price"; Value = "0.08"; VariantName = "[No Variations]"
Change component parameters (AddParameter): Name = "Series"; Value = "-"; VariantName = "[No Variations]"
Change component parameters (AddParameter): Name = "Size / Dimension"; Value = "2.00mm L x 1.25mm W"; VariantName = "[No Variations]"
Change component parameters (AddParameter): Name = "Supplier 1"; Value = "DigiKey"; VariantName = "[No Variations]"
Change component parameters (AddParameter): Name = "Supplier Part Number 1"; Value = "404-1314-1-ND"; VariantName = "[No Variations]"
Change component parameters (AddParameter): Name = "Value"; Value = "Red"; VariantName = "[No Variations]"
Change component parameters (AddParameter): Name = "Viewing Angle"; Value = "140°"; VariantName = "[No Variations]"
Change component parameters (AddParameter): Name = "Voltage - Forward (Vf) (Typ)"; Value = "1.9V"; VariantName = "[No Variations]"
Change component parameters (AddParameter): Name = "Wavelength - Dominant"; Value = "615nm"; VariantName = "[No Variations]"
Change component parameters (AddParameter): Name = "Wavelength - Peak"; Value = "624nm"; VariantName = "[No Variations]"
Added Room: Name=Sheet1
